[    53.354] (--) Log file renamed from "/home/amanpreet/.local/share/xorg/Xorg.pid-1359.log" to "/home/amanpreet/.local/share/xorg/Xorg.0.log"
[    53.355] 
X.Org X Server 1.20.4
X Protocol Version 11, Revision 0
[    53.355] Build Operating System: Linux 4.4.0-148-generic x86_64 Ubuntu
[    53.355] Current Operating System: Linux amanpreet-HP-ProBook-6460b 5.3.0-26-generic #28~18.04.1-Ubuntu SMP Wed Dec 18 16:40:14 UTC 2019 x86_64
[    53.355] Kernel command line: BOOT_IMAGE=/boot/vmlinuz-5.3.0-26-generic root=UUID=a7dba352-2fba-4b34-b855-6381dcc57221 ro quiet splash vt.handoff=1
[    53.355] Build Date: 02 May 2019  08:06:54AM
[    53.355] xorg-server-hwe-18.04 2:1.20.4-1ubuntu3~18.04.1 (For technical support please see http://www.ubuntu.com/support) 
[    53.355] Current version of pixman: 0.34.0
[    53.355] 	Before reporting problems, check http://wiki.x.org
	to make sure that you have the latest version.
[    53.355] Markers: (--) probed, (**) from config file, (==) default setting,
	(++) from command line, (!!) notice, (II) informational,
	(WW) warning, (EE) error, (NI) not implemented, (??) unknown.
[    53.355] (==) Log file: "/home/amanpreet/.local/share/xorg/Xorg.0.log", Time: Tue Jan 28 11:08:57 2020
[    53.384] (==) Using system config directory "/usr/share/X11/xorg.conf.d"
[    53.384] (==) No Layout section.  Using the first Screen section.
[    53.384] (==) No screen section available. Using defaults.
[    53.384] (**) |-->Screen "Default Screen Section" (0)
[    53.384] (**) |   |-->Monitor "<default monitor>"
[    53.385] (==) No monitor specified for screen "Default Screen Section".
	Using a default monitor configuration.
[    53.385] (==) Automatically adding devices
[    53.385] (==) Automatically enabling devices
[    53.385] (==) Automatically adding GPU devices
[    53.385] (==) Automatically binding GPU devices
[    53.385] (==) Max clients allowed: 256, resource mask: 0x1fffff
[    53.385] (WW) The directory "/usr/share/fonts/X11/cyrillic" does not exist.
[    53.385] 	Entry deleted from font path.
[    53.385] (WW) The directory "/usr/share/fonts/X11/100dpi/" does not exist.
[    53.386] 	Entry deleted from font path.
[    53.386] (WW) The directory "/usr/share/fonts/X11/75dpi/" does not exist.
[    53.386] 	Entry deleted from font path.
[    53.386] (WW) The directory "/usr/share/fonts/X11/100dpi" does not exist.
[    53.386] 	Entry deleted from font path.
[    53.386] (WW) The directory "/usr/share/fonts/X11/75dpi" does not exist.
[    53.386] 	Entry deleted from font path.
[    53.386] (==) FontPath set to:
	/usr/share/fonts/X11/misc,
	/usr/share/fonts/X11/Type1,
	built-ins
[    53.386] (==) ModulePath set to "/usr/lib/xorg/modules"
[    53.386] (II) The server relies on udev to provide the list of input devices.
	If no devices become available, reconfigure udev or disable AutoAddDevices.
[    53.386] (II) Loader magic: 0x56149b557020
[    53.386] (II) Module ABI versions:
[    53.386] 	X.Org ANSI C Emulation: 0.4
[    53.386] 	X.Org Video Driver: 24.0
[    53.386] 	X.Org XInput driver : 24.1
[    53.386] 	X.Org Server Extension : 10.0
[    53.388] (++) using VT number 2

[    53.392] (II) systemd-logind: took control of session /org/freedesktop/login1/session/_32
[    53.395] (II) xfree86: Adding drm device (/dev/dri/card0)
[    53.397] (II) systemd-logind: got fd for /dev/dri/card0 226:0 fd 12 paused 0
[    53.401] (--) PCI:*(0@0:2:0) 8086:0126:103c:161d rev 9, Mem @ 0xd4000000/4194304, 0xc0000000/268435456, I/O @ 0x00004000/64, BIOS @ 0x????????/131072
[    53.401] (II) LoadModule: "glx"
[    53.401] (II) Loading /usr/lib/xorg/modules/extensions/libglx.so
[    53.402] (II) Module glx: vendor="X.Org Foundation"
[    53.402] 	compiled for 1.20.4, module version = 1.0.0
[    53.402] 	ABI class: X.Org Server Extension, version 10.0
[    53.402] (==) Matched modesetting as autoconfigured driver 0
[    53.402] (==) Matched fbdev as autoconfigured driver 1
[    53.402] (==) Matched vesa as autoconfigured driver 2
[    53.402] (==) Assigned the driver to the xf86ConfigLayout
[    53.402] (II) LoadModule: "modesetting"
[    53.422] (II) Loading /usr/lib/xorg/modules/drivers/modesetting_drv.so
[    53.422] (II) Module modesetting: vendor="X.Org Foundation"
[    53.422] 	compiled for 1.20.4, module version = 1.20.4
[    53.422] 	Module class: X.Org Video Driver
[    53.422] 	ABI class: X.Org Video Driver, version 24.0
[    53.423] (II) LoadModule: "fbdev"
[    53.423] (II) Loading /usr/lib/xorg/modules/drivers/fbdev_drv.so
[    53.423] (II) Module fbdev: vendor="X.Org Foundation"
[    53.423] 	compiled for 1.20.1, module version = 0.5.0
[    53.423] 	Module class: X.Org Video Driver
[    53.423] 	ABI class: X.Org Video Driver, version 24.0
[    53.423] (II) LoadModule: "vesa"
[    53.423] (II) Loading /usr/lib/xorg/modules/drivers/vesa_drv.so
[    53.423] (II) Module vesa: vendor="X.Org Foundation"
[    53.423] 	compiled for 1.20.1, module version = 2.4.0
[    53.423] 	Module class: X.Org Video Driver
[    53.423] 	ABI class: X.Org Video Driver, version 24.0
[    53.423] (II) modesetting: Driver for Modesetting Kernel Drivers: kms
[    53.423] (II) FBDEV: driver for framebuffer: fbdev
[    53.423] (II) VESA: driver for VESA chipsets: vesa
[    53.423] xf86EnableIOPorts: failed to set IOPL for I/O (Operation not permitted)
[    53.423] (II) modeset(0): using drv /dev/dri/card0
[    53.423] (WW) Falling back to old probe method for fbdev
[    53.423] (II) Loading sub module "fbdevhw"
[    53.423] (II) LoadModule: "fbdevhw"
[    53.424] (II) Loading /usr/lib/xorg/modules/libfbdevhw.so
[    53.424] (II) Module fbdevhw: vendor="X.Org Foundation"
[    53.424] 	compiled for 1.20.4, module version = 0.0.2
[    53.424] 	ABI class: X.Org Video Driver, version 24.0
[    53.424] (EE) open /dev/fb0: Permission denied
[    53.424] (WW) VGA arbiter: cannot open kernel arbiter, no multi-card support
[    53.424] (II) modeset(0): Creating default Display subsection in Screen section
	"Default Screen Section" for depth/fbbpp 24/32
[    53.424] (==) modeset(0): Depth 24, (==) framebuffer bpp 32
[    53.424] (==) modeset(0): RGB weight 888
[    53.424] (==) modeset(0): Default visual is TrueColor
[    53.424] (II) Loading sub module "glamoregl"
[    53.424] (II) LoadModule: "glamoregl"
[    53.424] (II) Loading /usr/lib/xorg/modules/libglamoregl.so
[    53.428] (II) Module glamoregl: vendor="X.Org Foundation"
[    53.428] 	compiled for 1.20.4, module version = 1.0.1
[    53.428] 	ABI class: X.Org ANSI C Emulation, version 0.4
[    53.460] (II) modeset(0): glamor X acceleration enabled on Mesa DRI Intel(R) Sandybridge Mobile 
[    53.460] (II) modeset(0): glamor initialized
[    53.460] (II) modeset(0): Output LVDS-1 has no monitor section
[    53.462] (II) modeset(0): Output VGA-1 has no monitor section
[    53.463] (II) modeset(0): Output HDMI-1 has no monitor section
[    53.463] (II) modeset(0): Output DP-1 has no monitor section
[    53.465] (II) modeset(0): Output HDMI-2 has no monitor section
[    53.467] (II) modeset(0): Output HDMI-3 has no monitor section
[    53.467] (II) modeset(0): Output DP-2 has no monitor section
[    53.467] (II) modeset(0): Output DP-3 has no monitor section
[    53.483] (II) modeset(0): EDID for output LVDS-1
[    53.483] (II) modeset(0): Manufacturer: INL  Model: 28  Serial#: 0
[    53.483] (II) modeset(0): Year: 2010  Week: 0
[    53.483] (II) modeset(0): EDID Version: 1.3
[    53.483] (II) modeset(0): Digital Display Input
[    53.483] (II) modeset(0): Max Image Size [cm]: horiz.: 31  vert.: 18
[    53.483] (II) modeset(0): Gamma: 2.20
[    53.483] (II) modeset(0): No DPMS capabilities specified
[    53.483] (II) modeset(0): Supported color encodings: RGB 4:4:4 YCrCb 4:4:4 
[    53.483] (II) modeset(0): First detailed timing is preferred mode
[    53.483] (II) modeset(0): redX: 0.580 redY: 0.340   greenX: 0.310 greenY: 0.550
[    53.483] (II) modeset(0): blueX: 0.155 blueY: 0.155   whiteX: 0.313 whiteY: 0.329
[    53.483] (II) modeset(0): Manufacturer's mask: 0
[    53.483] (II) modeset(0): Supported detailed timing:
[    53.483] (II) modeset(0): clock: 69.3 MHz   Image Size:  309 x 174 mm
[    53.483] (II) modeset(0): h_active: 1366  h_sync: 1414  h_sync_end 1446 h_blank_end 1466 h_border: 0
[    53.483] (II) modeset(0): v_active: 768  v_sync: 769  v_sync_end 773 v_blanking: 788 v_border: 0
[    53.483] (II) modeset(0): Unknown vendor-specific block 0
[    53.483] (II) modeset(0):  INL
[    53.483] (II) modeset(0):  BT140GW02V5
[    53.483] (II) modeset(0): EDID (in hex):
[    53.483] (II) modeset(0): 	00ffffffffffff0025cc280000000000
[    53.483] (II) modeset(0): 	00140103801f12780a87f594574f8c27
[    53.483] (II) modeset(0): 	27505400000001010101010101010101
[    53.483] (II) modeset(0): 	010101010101121b5664500014303020
[    53.483] (II) modeset(0): 	140035ae100000180000000000202020
[    53.483] (II) modeset(0): 	20202020202020202020000000fe0049
[    53.483] (II) modeset(0): 	4e4c0a202020202020202020000000fe
[    53.483] (II) modeset(0): 	0042543134304757303256350a2000eb
[    53.484] (II) modeset(0): Printing probed modes for output LVDS-1
[    53.484] (II) modeset(0): Modeline "1366x768"x60.0   69.30  1366 1414 1446 1466  768 769 773 788 -hsync -vsync (47.3 kHz eP)
[    53.484] (II) modeset(0): Modeline "1360x768"x59.8   84.75  1360 1432 1568 1776  768 771 781 798 -hsync +vsync (47.7 kHz d)
[    53.484] (II) modeset(0): Modeline "1360x768"x60.0   72.00  1360 1408 1440 1520  768 771 781 790 +hsync -vsync (47.4 kHz d)
[    53.484] (II) modeset(0): Modeline "1280x720"x120.0  156.12  1280 1376 1512 1744  720 721 724 746 doublescan -hsync +vsync (89.5 kHz d)
[    53.484] (II) modeset(0): Modeline "1280x720"x120.0  120.75  1280 1304 1320 1360  720 721 724 740 doublescan +hsync -vsync (88.8 kHz d)
[    53.484] (II) modeset(0): Modeline "1280x720"x59.9   74.50  1280 1344 1472 1664  720 723 728 748 -hsync +vsync (44.8 kHz d)
[    53.484] (II) modeset(0): Modeline "1280x720"x59.7   63.75  1280 1328 1360 1440  720 723 728 741 +hsync -vsync (44.3 kHz d)
[    53.484] (II) modeset(0): Modeline "1024x768"x120.1  133.47  1024 1100 1212 1400  768 768 770 794 doublescan -hsync +vsync (95.3 kHz d)
[    53.484] (II) modeset(0): Modeline "1024x768"x60.0   65.00  1024 1048 1184 1344  768 771 777 806 -hsync -vsync (48.4 kHz d)
[    53.484] (II) modeset(0): Modeline "960x720"x120.0  117.00  960 1024 1128 1300  720 720 722 750 doublescan -hsync +vsync (90.0 kHz d)
[    53.484] (II) modeset(0): Modeline "928x696"x120.1  109.15  928 976 1088 1264  696 696 698 719 doublescan -hsync +vsync (86.4 kHz d)
[    53.484] (II) modeset(0): Modeline "896x672"x120.0  102.40  896 960 1060 1224  672 672 674 697 doublescan -hsync +vsync (83.7 kHz d)
[    53.484] (II) modeset(0): Modeline "1024x576"x119.9   98.50  1024 1092 1200 1376  576 577 580 597 doublescan -hsync +vsync (71.6 kHz d)
[    53.484] (II) modeset(0): Modeline "1024x576"x119.9   78.38  1024 1048 1064 1104  576 577 580 592 doublescan +hsync -vsync (71.0 kHz d)
[    53.484] (II) modeset(0): Modeline "1024x576"x59.9   46.50  1024 1064 1160 1296  576 579 584 599 -hsync +vsync (35.9 kHz d)
[    53.484] (II) modeset(0): Modeline "1024x576"x59.8   42.00  1024 1072 1104 1184  576 579 584 593 +hsync -vsync (35.5 kHz d)
[    53.484] (II) modeset(0): Modeline "960x600"x119.9   96.62  960 1028 1128 1296  600 601 604 622 doublescan -hsync +vsync (74.6 kHz d)
[    53.484] (II) modeset(0): Modeline "960x600"x120.0   77.00  960 984 1000 1040  600 601 604 617 doublescan +hsync -vsync (74.0 kHz d)
[    53.484] (II) modeset(0): Modeline "960x540"x119.9   86.50  960 1024 1124 1288  540 541 544 560 doublescan -hsync +vsync (67.2 kHz d)
[    53.484] (II) modeset(0): Modeline "960x540"x120.0   69.25  960 984 1000 1040  540 541 544 555 doublescan +hsync -vsync (66.6 kHz d)
[    53.484] (II) modeset(0): Modeline "960x540"x59.6   40.75  960 992 1088 1216  540 543 548 562 -hsync +vsync (33.5 kHz d)
[    53.484] (II) modeset(0): Modeline "960x540"x59.8   37.25  960 1008 1040 1120  540 543 548 556 +hsync -vsync (33.3 kHz d)
[    53.484] (II) modeset(0): Modeline "800x600"x120.0   81.00  800 832 928 1080  600 600 602 625 doublescan +hsync +vsync (75.0 kHz d)
[    53.484] (II) modeset(0): Modeline "800x600"x60.3   40.00  800 840 968 1056  600 601 605 628 +hsync +vsync (37.9 kHz d)
[    53.484] (II) modeset(0): Modeline "800x600"x56.2   36.00  800 824 896 1024  600 601 603 625 +hsync +vsync (35.2 kHz d)
[    53.484] (II) modeset(0): Modeline "840x525"x120.0   73.12  840 892 980 1120  525 526 529 544 doublescan -hsync +vsync (65.3 kHz d)
[    53.484] (II) modeset(0): Modeline "840x525"x119.8   59.50  840 864 880 920  525 526 529 540 doublescan +hsync -vsync (64.7 kHz d)
[    53.484] (II) modeset(0): Modeline "864x486"x59.9   32.50  864 888 968 1072  486 489 494 506 -hsync +vsync (30.3 kHz d)
[    53.484] (II) modeset(0): Modeline "864x486"x59.6   30.50  864 912 944 1024  486 489 494 500 +hsync -vsync (29.8 kHz d)
[    53.484] (II) modeset(0): Modeline "800x512"x120.3   51.56  800 800 828 832  512 512 514 515 doublescan +hsync +vsync (62.0 kHz d)
[    53.484] (II) modeset(0): Modeline "700x525"x120.0   61.00  700 744 820 940  525 526 532 541 doublescan +hsync +vsync (64.9 kHz d)
[    53.484] (II) modeset(0): Modeline "800x450"x119.9   59.12  800 848 928 1056  450 451 454 467 doublescan -hsync +vsync (56.0 kHz d)
[    53.484] (II) modeset(0): Modeline "800x450"x119.6   48.75  800 824 840 880  450 451 454 463 doublescan +hsync -vsync (55.4 kHz d)
[    53.484] (II) modeset(0): Modeline "640x512"x120.0   54.00  640 664 720 844  512 512 514 533 doublescan +hsync +vsync (64.0 kHz d)
[    53.484] (II) modeset(0): Modeline "720x450"x119.8   53.25  720 760 836 952  450 451 454 467 doublescan -hsync +vsync (55.9 kHz d)
[    53.485] (II) modeset(0): Modeline "700x450"x119.9   51.75  700 740 812 924  450 451 456 467 doublescan -hsync +vsync (56.0 kHz d)
[    53.485] (II) modeset(0): Modeline "700x450"x119.8   43.25  700 724 740 780  450 451 456 463 doublescan +hsync -vsync (55.4 kHz d)
[    53.485] (II) modeset(0): Modeline "640x480"x120.0   54.00  640 688 744 900  480 480 482 500 doublescan +hsync +vsync (60.0 kHz d)
[    53.485] (II) modeset(0): Modeline "640x480"x59.9   25.18  640 656 752 800  480 490 492 525 -hsync -vsync (31.5 kHz d)
[    53.485] (II) modeset(0): Modeline "720x405"x59.5   22.50  720 744 808 896  405 408 413 422 -hsync +vsync (25.1 kHz d)
[    53.485] (II) modeset(0): Modeline "720x405"x59.0   21.75  720 768 800 880  405 408 413 419 +hsync -vsync (24.7 kHz d)
[    53.485] (II) modeset(0): Modeline "684x384"x119.8   42.62  684 720 788 892  384 385 390 399 doublescan -hsync +vsync (47.8 kHz d)
[    53.485] (II) modeset(0): Modeline "684x384"x119.7   36.12  684 708 724 764  384 385 390 395 doublescan +hsync -vsync (47.3 kHz d)
[    53.485] (II) modeset(0): Modeline "680x384"x119.6   42.38  680 716 784 888  384 385 390 399 doublescan -hsync +vsync (47.7 kHz d)
[    53.485] (II) modeset(0): Modeline "680x384"x119.9   36.00  680 704 720 760  384 385 390 395 doublescan +hsync -vsync (47.4 kHz d)
[    53.485] (II) modeset(0): Modeline "640x400"x119.8   41.75  640 676 740 840  400 401 404 415 doublescan -hsync +vsync (49.7 kHz d)
[    53.485] (II) modeset(0): Modeline "640x400"x120.0   35.50  640 664 680 720  400 401 404 411 doublescan +hsync -vsync (49.3 kHz d)
[    53.485] (II) modeset(0): Modeline "576x432"x120.1   40.81  576 608 668 760  432 432 434 447 doublescan -hsync +vsync (53.7 kHz d)
[    53.485] (II) modeset(0): Modeline "640x360"x119.7   37.25  640 672 736 832  360 361 364 374 doublescan -hsync +vsync (44.8 kHz d)
[    53.485] (II) modeset(0): Modeline "640x360"x119.7   31.88  640 664 680 720  360 361 364 370 doublescan +hsync -vsync (44.3 kHz d)
[    53.485] (II) modeset(0): Modeline "640x360"x59.8   18.00  640 664 720 800  360 363 368 376 -hsync +vsync (22.5 kHz d)
[    53.485] (II) modeset(0): Modeline "640x360"x59.3   17.75  640 688 720 800  360 363 368 374 +hsync -vsync (22.2 kHz d)
[    53.485] (II) modeset(0): Modeline "512x384"x120.0   32.50  512 524 592 672  384 385 388 403 doublescan -hsync -vsync (48.4 kHz d)
[    53.485] (II) modeset(0): Modeline "512x288"x120.0   23.25  512 532 580 648  288 289 292 299 doublescan -hsync +vsync (35.9 kHz d)
[    53.485] (II) modeset(0): Modeline "512x288"x119.8   21.00  512 536 552 592  288 289 292 296 doublescan +hsync -vsync (35.5 kHz d)
[    53.485] (II) modeset(0): Modeline "480x270"x119.3   20.38  480 496 544 608  270 271 274 281 doublescan -hsync +vsync (33.5 kHz d)
[    53.485] (II) modeset(0): Modeline "480x270"x119.6   18.62  480 504 520 560  270 271 274 278 doublescan +hsync -vsync (33.3 kHz d)
[    53.485] (II) modeset(0): Modeline "400x300"x120.6   20.00  400 420 484 528  300 300 302 314 doublescan +hsync +vsync (37.9 kHz d)
[    53.485] (II) modeset(0): Modeline "400x300"x112.7   18.00  400 412 448 512  300 300 301 312 doublescan +hsync +vsync (35.2 kHz d)
[    53.485] (II) modeset(0): Modeline "432x243"x119.8   16.25  432 444 484 536  243 244 247 253 doublescan -hsync +vsync (30.3 kHz d)
[    53.485] (II) modeset(0): Modeline "432x243"x119.1   15.25  432 456 472 512  243 244 247 250 doublescan +hsync -vsync (29.8 kHz d)
[    53.485] (II) modeset(0): Modeline "320x240"x120.1   12.59  320 328 376 400  240 245 246 262 doublescan -hsync -vsync (31.5 kHz d)
[    53.485] (II) modeset(0): Modeline "360x202"x119.0   11.25  360 372 404 448  202 204 206 211 doublescan -hsync +vsync (25.1 kHz d)
[    53.485] (II) modeset(0): Modeline "360x202"x118.3   10.88  360 384 400 440  202 204 206 209 doublescan +hsync -vsync (24.7 kHz d)
[    53.485] (II) modeset(0): Modeline "320x180"x119.7    9.00  320 332 360 400  180 181 184 188 doublescan -hsync +vsync (22.5 kHz d)
[    53.485] (II) modeset(0): Modeline "320x180"x118.6    8.88  320 344 360 400  180 181 184 187 doublescan +hsync -vsync (22.2 kHz d)
[    53.486] (II) modeset(0): EDID for output VGA-1
[    53.488] (II) modeset(0): EDID for output HDMI-1
[    53.488] (II) modeset(0): EDID for output DP-1
[    53.489] (II) modeset(0): EDID for output HDMI-2
[    53.491] (II) modeset(0): EDID for output HDMI-3
[    53.491] (II) modeset(0): EDID for output DP-2
[    53.491] (II) modeset(0): EDID for output DP-3
[    53.491] (II) modeset(0): Output LVDS-1 connected
[    53.491] (II) modeset(0): Output VGA-1 disconnected
[    53.491] (II) modeset(0): Output HDMI-1 disconnected
[    53.491] (II) modeset(0): Output DP-1 disconnected
[    53.491] (II) modeset(0): Output HDMI-2 disconnected
[    53.491] (II) modeset(0): Output HDMI-3 disconnected
[    53.491] (II) modeset(0): Output DP-2 disconnected
[    53.491] (II) modeset(0): Output DP-3 disconnected
[    53.491] (II) modeset(0): Using exact sizes for initial modes
[    53.491] (II) modeset(0): Output LVDS-1 using initial mode 1366x768 +0+0
[    53.491] (==) modeset(0): Using gamma correction (1.0, 1.0, 1.0)
[    53.491] (==) modeset(0): DPI set to (96, 96)
[    53.491] (II) Loading sub module "fb"
[    53.491] (II) LoadModule: "fb"
[    53.491] (II) Loading /usr/lib/xorg/modules/libfb.so
[    53.491] (II) Module fb: vendor="X.Org Foundation"
[    53.491] 	compiled for 1.20.4, module version = 1.0.0
[    53.491] 	ABI class: X.Org ANSI C Emulation, version 0.4
[    53.491] (II) UnloadModule: "fbdev"
[    53.491] (II) Unloading fbdev
[    53.491] (II) UnloadSubModule: "fbdevhw"
[    53.491] (II) Unloading fbdevhw
[    53.491] (II) UnloadModule: "vesa"
[    53.492] (II) Unloading vesa
[    53.709] (==) modeset(0): Backing store enabled
[    53.709] (==) modeset(0): Silken mouse enabled
[    53.736] (II) modeset(0): Initializing kms color map for depth 24, 8 bpc.
[    53.736] (==) modeset(0): DPMS enabled
[    53.737] (II) modeset(0): [DRI2] Setup complete
[    53.737] (II) modeset(0): [DRI2]   DRI driver: i965
[    53.737] (II) modeset(0): [DRI2]   VDPAU driver: i965
[    53.737] (II) Initializing extension Generic Event Extension
[    53.738] (II) Initializing extension SHAPE
[    53.738] (II) Initializing extension MIT-SHM
[    53.739] (II) Initializing extension XInputExtension
[    53.742] (II) Initializing extension XTEST
[    53.742] (II) Initializing extension BIG-REQUESTS
[    53.742] (II) Initializing extension SYNC
[    53.743] (II) Initializing extension XKEYBOARD
[    53.743] (II) Initializing extension XC-MISC
[    53.744] (II) Initializing extension SECURITY
[    53.744] (II) Initializing extension XFIXES
[    53.745] (II) Initializing extension RENDER
[    53.745] (II) Initializing extension RANDR
[    53.746] (II) Initializing extension COMPOSITE
[    53.746] (II) Initializing extension DAMAGE
[    53.746] (II) Initializing extension MIT-SCREEN-SAVER
[    53.746] (II) Initializing extension DOUBLE-BUFFER
[    53.746] (II) Initializing extension RECORD
[    53.746] (II) Initializing extension DPMS
[    53.747] (II) Initializing extension Present
[    53.747] (II) Initializing extension DRI3
[    53.747] (II) Initializing extension X-Resource
[    53.747] (II) Initializing extension XVideo
[    53.747] (II) Initializing extension XVideo-MotionCompensation
[    53.747] (II) Initializing extension SELinux
[    53.747] (II) SELinux: Disabled on system
[    53.747] (II) Initializing extension GLX
[    53.789] (II) AIGLX: Loaded and initialized i965
[    53.789] (II) GLX: Initialized DRI2 GL provider for screen 0
[    53.789] (II) Initializing extension XFree86-VidModeExtension
[    53.789] (II) Initializing extension XFree86-DGA
[    53.789] (II) Initializing extension XFree86-DRI
[    53.789] (II) Initializing extension DRI2
[    53.794] (II) modeset(0): Damage tracking initialized
[    53.794] (II) modeset(0): Setting screen physical size to 361 x 203
[    53.905] (II) config/udev: Adding input device Power Button (/dev/input/event2)
[    53.905] (**) Power Button: Applying InputClass "libinput keyboard catchall"
[    53.905] (II) LoadModule: "libinput"
[    53.905] (II) Loading /usr/lib/xorg/modules/input/libinput_drv.so
[    53.919] (II) Module libinput: vendor="X.Org Foundation"
[    53.919] 	compiled for 1.20.1, module version = 0.28.1
[    53.919] 	Module class: X.Org XInput Driver
[    53.919] 	ABI class: X.Org XInput driver, version 24.1
[    53.919] (II) Using input driver 'libinput' for 'Power Button'
[    53.920] (II) systemd-logind: got fd for /dev/input/event2 13:66 fd 21 paused 0
[    53.920] (**) Power Button: always reports core events
[    53.920] (**) Option "Device" "/dev/input/event2"
[    53.920] (**) Option "_source" "server/udev"
[    53.921] (II) event2  - Power Button: is tagged by udev as: Keyboard
[    53.921] (II) event2  - Power Button: device is a keyboard
[    53.921] (II) event2  - Power Button: device removed
[    53.921] (**) Option "config_info" "udev:/sys/devices/LNXSYSTM:00/LNXPWRBN:00/input/input2/event2"
[    53.921] (II) XINPUT: Adding extended input device "Power Button" (type: KEYBOARD, id 6)
[    53.921] (**) Option "xkb_model" "pc105"
[    53.921] (**) Option "xkb_layout" "us"
[    53.922] (II) event2  - Power Button: is tagged by udev as: Keyboard
[    53.922] (II) event2  - Power Button: device is a keyboard
[    53.924] (II) config/udev: Adding input device Video Bus (/dev/input/event7)
[    53.924] (**) Video Bus: Applying InputClass "libinput keyboard catchall"
[    53.924] (II) Using input driver 'libinput' for 'Video Bus'
[    53.926] (II) systemd-logind: got fd for /dev/input/event7 13:71 fd 24 paused 0
[    53.926] (**) Video Bus: always reports core events
[    53.926] (**) Option "Device" "/dev/input/event7"
[    53.926] (**) Option "_source" "server/udev"
[    53.927] (II) event7  - Video Bus: is tagged by udev as: Keyboard
[    53.927] (II) event7  - Video Bus: device is a keyboard
[    53.927] (II) event7  - Video Bus: device removed
[    53.927] (**) Option "config_info" "udev:/sys/devices/LNXSYSTM:00/LNXSYBUS:00/PNP0A08:00/LNXVIDEO:01/input/input14/event7"
[    53.927] (II) XINPUT: Adding extended input device "Video Bus" (type: KEYBOARD, id 7)
[    53.927] (**) Option "xkb_model" "pc105"
[    53.927] (**) Option "xkb_layout" "us"
[    53.928] (II) event7  - Video Bus: is tagged by udev as: Keyboard
[    53.928] (II) event7  - Video Bus: device is a keyboard
[    53.929] (II) config/udev: Adding input device Lid Switch (/dev/input/event1)
[    53.929] (II) No input driver specified, ignoring this device.
[    53.929] (II) This device may have been added with another device file.
[    53.929] (II) config/udev: Adding input device Sleep Button (/dev/input/event0)
[    53.929] (**) Sleep Button: Applying InputClass "libinput keyboard catchall"
[    53.929] (II) Using input driver 'libinput' for 'Sleep Button'
[    53.930] (II) systemd-logind: got fd for /dev/input/event0 13:64 fd 25 paused 0
[    53.930] (**) Sleep Button: always reports core events
[    53.930] (**) Option "Device" "/dev/input/event0"
[    53.930] (**) Option "_source" "server/udev"
[    53.931] (II) event0  - Sleep Button: is tagged by udev as: Keyboard
[    53.931] (II) event0  - Sleep Button: device is a keyboard
[    53.931] (II) event0  - Sleep Button: device removed
[    53.931] (**) Option "config_info" "udev:/sys/devices/LNXSYSTM:00/LNXSYBUS:00/PNP0C0E:00/input/input0/event0"
[    53.931] (II) XINPUT: Adding extended input device "Sleep Button" (type: KEYBOARD, id 8)
[    53.931] (**) Option "xkb_model" "pc105"
[    53.931] (**) Option "xkb_layout" "us"
[    53.931] (II) event0  - Sleep Button: is tagged by udev as: Keyboard
[    53.931] (II) event0  - Sleep Button: device is a keyboard
[    53.932] (II) config/udev: Adding input device HDA Intel PCH Mic (/dev/input/event8)
[    53.933] (II) No input driver specified, ignoring this device.
[    53.933] (II) This device may have been added with another device file.
[    53.933] (II) config/udev: Adding input device HDA Intel PCH Line (/dev/input/event9)
[    53.933] (II) No input driver specified, ignoring this device.
[    53.933] (II) This device may have been added with another device file.
[    53.934] (II) config/udev: Adding input device HDA Intel PCH Dock Line Out (/dev/input/event10)
[    53.934] (II) No input driver specified, ignoring this device.
[    53.934] (II) This device may have been added with another device file.
[    53.934] (II) config/udev: Adding input device HDA Intel PCH Headphone (/dev/input/event11)
[    53.934] (II) No input driver specified, ignoring this device.
[    53.934] (II) This device may have been added with another device file.
[    53.935] (II) config/udev: Adding input device HDA Intel PCH HDMI/DP,pcm=3 (/dev/input/event12)
[    53.935] (II) No input driver specified, ignoring this device.
[    53.935] (II) This device may have been added with another device file.
[    53.935] (II) config/udev: Adding input device HDA Intel PCH HDMI/DP,pcm=7 (/dev/input/event13)
[    53.935] (II) No input driver specified, ignoring this device.
[    53.935] (II) This device may have been added with another device file.
[    53.936] (II) config/udev: Adding input device HDA Intel PCH HDMI/DP,pcm=8 (/dev/input/event14)
[    53.936] (II) No input driver specified, ignoring this device.
[    53.936] (II) This device may have been added with another device file.
[    53.937] (II) config/udev: Adding input device HP HD Webcam [Fixed]: HP HD Web (/dev/input/event15)
[    53.937] (**) HP HD Webcam [Fixed]: HP HD Web: Applying InputClass "libinput keyboard catchall"
[    53.937] (II) Using input driver 'libinput' for 'HP HD Webcam [Fixed]: HP HD Web'
[    53.938] (II) systemd-logind: got fd for /dev/input/event15 13:79 fd 26 paused 0
[    53.938] (**) HP HD Webcam [Fixed]: HP HD Web: always reports core events
[    53.938] (**) Option "Device" "/dev/input/event15"
[    53.938] (**) Option "_source" "server/udev"
[    53.938] (II) event15 - HP HD Webcam [Fixed]: HP HD Web: is tagged by udev as: Keyboard
[    53.938] (II) event15 - HP HD Webcam [Fixed]: HP HD Web: device is a keyboard
[    53.938] (II) event15 - HP HD Webcam [Fixed]: HP HD Web: device removed
[    53.938] (**) Option "config_info" "udev:/sys/devices/pci0000:00/0000:00:1d.0/usb2/2-1/2-1.4/2-1.4:1.0/input/input22/event15"
[    53.938] (II) XINPUT: Adding extended input device "HP HD Webcam [Fixed]: HP HD Web" (type: KEYBOARD, id 9)
[    53.938] (**) Option "xkb_model" "pc105"
[    53.938] (**) Option "xkb_layout" "us"
[    53.939] (II) event15 - HP HD Webcam [Fixed]: HP HD Web: is tagged by udev as: Keyboard
[    53.939] (II) event15 - HP HD Webcam [Fixed]: HP HD Web: device is a keyboard
[    53.940] (II) config/udev: Adding input device AT Translated Set 2 keyboard (/dev/input/event3)
[    53.940] (**) AT Translated Set 2 keyboard: Applying InputClass "libinput keyboard catchall"
[    53.940] (II) Using input driver 'libinput' for 'AT Translated Set 2 keyboard'
[    53.941] (II) systemd-logind: got fd for /dev/input/event3 13:67 fd 27 paused 0
[    53.941] (**) AT Translated Set 2 keyboard: always reports core events
[    53.941] (**) Option "Device" "/dev/input/event3"
[    53.941] (**) Option "_source" "server/udev"
[    53.941] (II) event3  - AT Translated Set 2 keyboard: is tagged by udev as: Keyboard
[    53.941] (II) event3  - AT Translated Set 2 keyboard: device is a keyboard
[    53.941] (II) event3  - AT Translated Set 2 keyboard: device removed
[    53.941] (**) Option "config_info" "udev:/sys/devices/platform/i8042/serio0/input/input3/event3"
[    53.941] (II) XINPUT: Adding extended input device "AT Translated Set 2 keyboard" (type: KEYBOARD, id 10)
[    53.941] (**) Option "xkb_model" "pc105"
[    53.941] (**) Option "xkb_layout" "us"
[    53.942] (II) event3  - AT Translated Set 2 keyboard: is tagged by udev as: Keyboard
[    53.942] (II) event3  - AT Translated Set 2 keyboard: device is a keyboard
[    53.943] (II) config/udev: Adding input device SynPS/2 Synaptics TouchPad (/dev/input/event4)
[    53.943] (**) SynPS/2 Synaptics TouchPad: Applying InputClass "libinput touchpad catchall"
[    53.943] (II) Using input driver 'libinput' for 'SynPS/2 Synaptics TouchPad'
[    53.943] (II) systemd-logind: got fd for /dev/input/event4 13:68 fd 28 paused 0
[    53.944] (**) SynPS/2 Synaptics TouchPad: always reports core events
[    53.944] (**) Option "Device" "/dev/input/event4"
[    53.944] (**) Option "_source" "server/udev"
[    53.944] (II) event4  - SynPS/2 Synaptics TouchPad: is tagged by udev as: Touchpad
[    53.944] (II) event4  - SynPS/2 Synaptics TouchPad: device is a touchpad
[    53.944] (II) event4  - SynPS/2 Synaptics TouchPad: device removed
[    53.944] (**) Option "config_info" "udev:/sys/devices/platform/i8042/serio4/input/input11/event4"
[    53.944] (II) XINPUT: Adding extended input device "SynPS/2 Synaptics TouchPad" (type: TOUCHPAD, id 11)
[    53.945] (**) Option "AccelerationScheme" "none"
[    53.945] (**) SynPS/2 Synaptics TouchPad: (accel) selected scheme none/0
[    53.945] (**) SynPS/2 Synaptics TouchPad: (accel) acceleration factor: 2.000
[    53.945] (**) SynPS/2 Synaptics TouchPad: (accel) acceleration threshold: 4
[    53.945] (II) event4  - SynPS/2 Synaptics TouchPad: is tagged by udev as: Touchpad
[    53.945] (II) event4  - SynPS/2 Synaptics TouchPad: device is a touchpad
[    53.946] (II) config/udev: Adding input device SynPS/2 Synaptics TouchPad (/dev/input/mouse0)
[    53.946] (II) No input driver specified, ignoring this device.
[    53.946] (II) This device may have been added with another device file.
[    53.946] (II) config/udev: Adding input device ST LIS3LV02DL Accelerometer (/dev/input/event5)
[    53.946] (II) No input driver specified, ignoring this device.
[    53.946] (II) This device may have been added with another device file.
[    53.946] (II) config/udev: Adding input device ST LIS3LV02DL Accelerometer (/dev/input/js0)
[    53.946] (II) No input driver specified, ignoring this device.
[    53.946] (II) This device may have been added with another device file.
[    53.950] (II) config/udev: Adding input device HP WMI hotkeys (/dev/input/event6)
[    53.950] (**) HP WMI hotkeys: Applying InputClass "libinput keyboard catchall"
[    53.950] (II) Using input driver 'libinput' for 'HP WMI hotkeys'
[    53.950] (II) systemd-logind: got fd for /dev/input/event6 13:70 fd 29 paused 0
[    53.950] (**) HP WMI hotkeys: always reports core events
[    53.950] (**) Option "Device" "/dev/input/event6"
[    53.950] (**) Option "_source" "server/udev"
[    53.951] (II) event6  - HP WMI hotkeys: is tagged by udev as: Keyboard Switch
[    53.951] (II) event6  - HP WMI hotkeys: device is a keyboard
[    53.951] (II) event6  - HP WMI hotkeys: device is a switch device
[    53.951] (II) event6  - HP WMI hotkeys: device removed
[    53.951] (**) Option "config_info" "udev:/sys/devices/virtual/input/input13/event6"
[    53.951] (II) XINPUT: Adding extended input device "HP WMI hotkeys" (type: KEYBOARD, id 12)
[    53.951] (**) Option "xkb_model" "pc105"
[    53.951] (**) Option "xkb_layout" "us"
[    53.952] (II) event6  - HP WMI hotkeys: is tagged by udev as: Keyboard Switch
[    53.952] (II) event6  - HP WMI hotkeys: device is a keyboard
[    53.952] (II) event6  - HP WMI hotkeys: device is a switch device
[    55.426] (II) modeset(0): EDID vendor "INL", prod id 40
[    55.426] (II) modeset(0): Printing DDC gathered Modelines:
[    55.426] (II) modeset(0): Modeline "1366x768"x0.0   69.30  1366 1414 1446 1466  768 769 773 788 -hsync -vsync (47.3 kHz eP)
[  2831.645] (II) Axis 0x1 value 1217 is outside expected range [1232, 5091]
See https://wayland.freedesktop.org/libinput/doc/1.10.4//absolute_coordinate_ranges.html for details
[  6385.514] (II) Axis 0x1 value 1161 is outside expected range [1232, 5091]
See https://wayland.freedesktop.org/libinput/doc/1.10.4//absolute_coordinate_ranges.html for details
[  9815.489] (II) Axis 0x1 value 1226 is outside expected range [1232, 5091]
See https://wayland.freedesktop.org/libinput/doc/1.10.4//absolute_coordinate_ranges.html for details
[ 14219.691] (II) Axis 0x1 value 1192 is outside expected range [1232, 5091]
See https://wayland.freedesktop.org/libinput/doc/1.10.4//absolute_coordinate_ranges.html for details
[ 17914.754] (II) Axis 0x1 value 1231 is outside expected range [1232, 5091]
See https://wayland.freedesktop.org/libinput/doc/1.10.4//absolute_coordinate_ranges.html for details
